<?xml version="1.0" encoding="UTF-8"?>
<!-- Generated by org.testng.reporters.JUnitXMLReporter -->
<testsuite ignored="2" hostname="DESKTOP-M9TKH38" failures="0" tests="1" name="Test" time="13.509" errors="0" timestamp="2024-06-19T16:12:26 IST">
  <testcase classname="erp.thirdparty.SalesListTest" name="viewNotActiveList" time="2.783"/>
  <testcase classname="erp.thirdparty.SalesListTest" name="viewSalesDeliveredList" time="0.0">
    <ignored/>
  </testcase> <!-- viewSalesDeliveredList -->
  <testcase classname="erp.thirdparty.SalesListTest" name="viewSalesList" time="0.0">
    <ignored/>
  </testcase> <!-- viewSalesList -->
</testsuite> <!-- Test -->
